Migrations for 'api':
  api/migrations/0001_initial.py
    - Create model Department
    - Create model Student
    - Create model CourseUnit
    - Create model Attendance
Migrations for 'api':
  api/migrations/0001_initial.py
    - Create model Department
    - Create model Student
    - Create model CourseUnit
    - Create model Attendance
Migrations for 'api':
  api/migrations/0001_initial.py
    - Create model Department
    - Create model Student
    - Create model CourseUnit
    - Create model Attendance
REST API running in development environment.
Migrations for 'api':
  api/migrations/0001_initial.py
    - Create model Department
    - Create model Student
    - Create model CourseUnit
    - Create model Attendance
REST API running in development environment.
Migrations for 'api':
  api/migrations/0001_initial.py
    - Create model Department
    - Create model Student
    - Create model CourseUnit
    - Create model Attendance
REST API running in development environment.
Migrations for 'api':
  api/migrations/0001_initial.py
    - Create model Department
    - Create model Student
    - Create model CourseUnit
    - Create model Attendance
REST API running in development environment.
Migrations for 'api':
  api/migrations/0001_initial.py
    - Create model Department
    - Create model Student
    - Create model CourseUnit
    - Create model Attendance
REST API running in development environment.
Migrations for 'api':
  api/migrations/0001_initial.py
    - Create model Department
    - Create model Student
    - Create model CourseUnit
    - Create model Attendance
